{"time":"2025-02-17 21:58:28","control_type":"throttle","event_type":"press","value":6.667}
{"time":"2025-02-17 21:58:29","control_type":"throttle","event_type":"release","value":6.667}
{"time":"2025-02-17 21:58:30","control_type":"throttle","event_type":"press","value":6.667}
{"time":"2025-02-17 21:58:31","control_type":"steering","event_type":"press","value":1.5}
{"time":"2025-02-17 21:58:33","control_type":"throttle","event_type":"release","value":6.667}
{"time":"2025-02-17 21:58:34","control_type":"brake","event_type":"press","value":16.667}
{"time":"2025-02-17 21:58:34","control_type":"steering","event_type":"release","value":2.0}
{"time":"2025-02-17 21:58:35","control_type":"brake","event_type":"release","value":16.667}
{"time":"2025-02-17 21:58:36","control_type":"throttle","event_type":"press","value":6.667}
{"time":"2025-02-17 21:58:36","control_type":"steering","event_type":"press","value":-1.5}
{"time":"2025-02-17 21:58:38","control_type":"throttle","event_type":"release","value":6.667}
{"time":"2025-02-17 21:58:40","control_type":"steering","event_type":"release","value":-2.0}
{"time":"2025-02-17 21:59:11","control_type":"throttle","event_type":"press","value":6.667}
{"time":"2025-02-17 21:59:11","control_type":"throttle","event_type":"release","value":6.667}
{"time":"2025-02-23 18:18:09","control_type":"brake","event_type":"press","value":16.667}
{"time":"2025-02-23 18:18:12","control_type":"throttle","event_type":"press","value":6.667}
{"time":"2025-02-23 18:18:13","control_type":"brake","event_type":"release","value":16.667}
{"time":"2025-02-23 18:18:13","control_type":"steering","event_type":"press","value":-1.5}
{"time":"2025-02-23 18:18:13","control_type":"steering","event_type":"release","value":-1.5}
{"time":"2025-02-23 18:18:16","control_type":"throttle","event_type":"release","value":6.667}
{"time":"2025-02-23 18:18:16","control_type":"steering","event_type":"press","value":-1.5}
{"time":"2025-02-23 18:18:17","control_type":"steering","event_type":"release","value":-1.0}
{"time":"2025-02-23 18:18:18","control_type":"steering","event_type":"press","value":-1.5}
{"time":"2025-02-23 18:18:19","control_type":"brake","event_type":"press","value":16.667}
{"time":"2025-02-23 18:18:20","control_type":"steering","event_type":"release","value":-1.5}
{"time":"2025-02-23 18:18:22","control_type":"brake","event_type":"release","value":16.667}
{"time":"2025-02-23 18:18:28","control_type":"steering","event_type":"press","value":-1.5}
{"time":"2025-02-23 18:18:29","control_type":"steering","event_type":"release","value":-1.5}
{"time":"2025-02-23 18:18:29","control_type":"throttle","event_type":"press","value":6.667}
{"time":"2025-02-23 18:18:29","control_type":"steering","event_type":"press","value":-1.5}
{"time":"2025-02-23 18:18:29","control_type":"steering","event_type":"release","value":-1.5}
{"time":"2025-02-23 18:18:29","control_type":"throttle","event_type":"release","value":6.667}
{"time":"2025-02-23 18:18:30","control_type":"brake","event_type":"press","value":16.667}
{"time":"2025-02-23 18:18:31","control_type":"brake","event_type":"release","value":16.667}
{"time":"2025-02-23 18:32:15","control_type":"throttle","event_type":"press","value":6.667}
{"time":"2025-02-23 18:32:16","control_type":"throttle","event_type":"release","value":6.667}
{"time":"2025-02-23 18:32:20","control_type":"steering","event_type":"press","value":1.5}
{"time":"2025-02-23 18:32:20","control_type":"throttle","event_type":"press","value":6.667}
{"time":"2025-02-23 18:32:21","control_type":"throttle","event_type":"release","value":6.667}
{"time":"2025-02-23 18:32:21","control_type":"steering","event_type":"release","value":1.5}
{"time":"2025-02-23 18:32:21","control_type":"steering","event_type":"press","value":-1.5}
{"time":"2025-02-23 18:32:22","control_type":"steering","event_type":"release","value":-1.5}
{"time":"2025-02-23 18:32:22","control_type":"steering","event_type":"press","value":-1.5}
{"time":"2025-02-23 18:32:22","control_type":"steering","event_type":"release","value":-2.0}
{"time":"2025-02-23 18:32:23","control_type":"steering","event_type":"press","value":-1.5}
{"time":"2025-02-23 18:32:24","control_type":"steering","event_type":"release","value":-1.5}
{"time":"2025-02-23 18:32:24","control_type":"steering","event_type":"press","value":1.0}
{"time":"2025-02-23 18:32:25","control_type":"steering","event_type":"release","value":1.0}
{"time":"2025-02-23 18:32:25","control_type":"steering","event_type":"press","value":-1.5}
{"time":"2025-02-23 18:32:26","control_type":"steering","event_type":"release","value":-1.0}
{"time":"2025-02-23 18:32:27","control_type":"steering","event_type":"press","value":-1.5}
{"time":"2025-02-23 18:32:27","control_type":"steering","event_type":"release","value":-2.0}
{"time":"2025-02-23 18:32:28","control_type":"brake","event_type":"press","value":16.667}
{"time":"2025-02-23 18:32:31","control_type":"brake","event_type":"release","value":16.667}
{"time":"2025-02-23 18:32:31","control_type":"steering","event_type":"press","value":-1.5}
{"time":"2025-02-23 18:32:32","control_type":"throttle","event_type":"press","value":6.667}
{"time":"2025-02-23 18:32:33","control_type":"throttle","event_type":"release","value":6.667}
{"time":"2025-02-23 18:32:37","control_type":"brake","event_type":"press","value":16.667}
{"time":"2025-02-23 18:32:38","control_type":"throttle","event_type":"press","value":6.667}
{"time":"2025-02-23 18:32:38","control_type":"brake","event_type":"release","value":16.667}
{"time":"2025-02-23 18:32:39","control_type":"steering","event_type":"release","value":-1.0}
{"time":"2025-02-23 18:32:40","control_type":"throttle","event_type":"release","value":6.667}
{"time":"2025-02-23 18:32:41","control_type":"brake","event_type":"press","value":16.667}
{"time":"2025-02-23 18:32:42","control_type":"throttle","event_type":"press","value":6.667}
{"time":"2025-02-23 18:32:43","control_type":"brake","event_type":"release","value":16.667}
{"time":"2025-02-23 18:32:44","control_type":"throttle","event_type":"release","value":6.667}
{"time":"2025-02-23 18:32:45","control_type":"steering","event_type":"press","value":1.5}
{"time":"2025-02-23 18:32:46","control_type":"brake","event_type":"press","value":16.667}
{"time":"2025-02-23 18:32:47","control_type":"steering","event_type":"release","value":2.0}
{"time":"2025-02-23 18:32:47","control_type":"steering","event_type":"press","value":-1.5}
{"time":"2025-02-23 18:32:48","control_type":"steering","event_type":"release","value":-2.0}
{"time":"2025-02-23 18:32:49","control_type":"brake","event_type":"release","value":16.667}
{"time":"2025-02-23 18:33:24","control_type":"throttle","event_type":"press","value":6.667}
{"time":"2025-02-23 18:33:25","control_type":"throttle","event_type":"release","value":6.667}
{"time":"2025-02-23 18:33:25","control_type":"throttle","event_type":"press","value":6.667}
{"time":"2025-02-23 18:33:26","control_type":"steering","event_type":"press","value":1.5}
{"time":"2025-02-23 18:33:29","control_type":"steering","event_type":"release","value":2.0}
{"time":"2025-02-23 18:33:33","control_type":"throttle","event_type":"release","value":6.667}
{"time":"2025-02-23 18:33:34","control_type":"brake","event_type":"press","value":16.667}
{"time":"2025-02-23 18:33:35","control_type":"brake","event_type":"release","value":16.667}
{"time":"2025-02-23 18:33:56","control_type":"throttle","event_type":"press","value":6.667}
{"time":"2025-02-23 18:33:57","control_type":"steering","event_type":"press","value":-1.5}
{"time":"2025-02-23 18:33:58","control_type":"throttle","event_type":"release","value":6.667}
{"time":"2025-02-23 18:33:59","control_type":"brake","event_type":"press","value":16.667}
{"time":"2025-02-23 18:34:00","control_type":"steering","event_type":"release","value":-2.0}
{"time":"2025-02-23 18:34:02","control_type":"brake","event_type":"release","value":16.667}
{"time":"2025-02-23 18:37:32","control_type":"throttle","event_type":"press","value":6.667}
{"time":"2025-02-23 18:37:36","control_type":"throttle","event_type":"release","value":6.667}
{"time":"2025-02-23 18:37:37","control_type":"steering","event_type":"press","value":-1.5}
{"time":"2025-02-23 18:37:38","control_type":"steering","event_type":"release","value":-2.0}
{"time":"2025-02-23 18:37:38","control_type":"steering","event_type":"press","value":-1.5}
{"time":"2025-02-23 18:37:43","control_type":"brake","event_type":"press","value":16.667}
{"time":"2025-02-23 18:37:43","control_type":"steering","event_type":"release","value":-2.0}
{"time":"2025-02-23 18:37:45","control_type":"brake","event_type":"release","value":16.667}
{"time":"2025-02-23 18:38:10","control_type":"steering","event_type":"press","value":-1.5}
{"time":"2025-02-23 18:38:10","control_type":"steering","event_type":"release","value":-1.0}
{"time":"2025-02-23 18:38:11","control_type":"throttle","event_type":"press","value":6.667}
{"time":"2025-02-23 18:38:11","control_type":"steering","event_type":"press","value":-1.5}
{"time":"2025-02-23 18:38:12","control_type":"throttle","event_type":"release","value":6.667}
{"time":"2025-02-23 18:38:13","control_type":"brake","event_type":"press","value":16.667}
{"time":"2025-02-23 18:38:14","control_type":"steering","event_type":"release","value":-2.0}
{"time":"2025-02-23 18:38:15","control_type":"steering","event_type":"press","value":-1.5}
{"time":"2025-02-23 18:38:15","control_type":"throttle","event_type":"press","value":6.667}
{"time":"2025-02-23 18:38:16","control_type":"brake","event_type":"release","value":16.667}
{"time":"2025-02-23 18:38:16","control_type":"throttle","event_type":"release","value":6.667}
{"time":"2025-02-23 18:38:16","control_type":"steering","event_type":"release","value":-1.5}
{"time":"2025-02-23 18:38:17","control_type":"steering","event_type":"press","value":-1.5}
{"time":"2025-02-23 18:38:18","control_type":"steering","event_type":"release","value":-1.0}
{"time":"2025-02-23 18:38:18","control_type":"steering","event_type":"press","value":-1.5}
{"time":"2025-02-23 18:38:18","control_type":"steering","event_type":"release","value":-1.5}
{"time":"2025-02-23 18:38:19","control_type":"brake","event_type":"press","value":16.667}
{"time":"2025-02-23 18:38:21","control_type":"brake","event_type":"release","value":16.667}
{"time":"2025-02-23 18:40:08","control_type":"brake","event_type":"press","value":16.667}
{"time":"2025-02-23 18:40:09","control_type":"brake","event_type":"release","value":16.667}
{"time":"2025-02-23 18:44:42","control_type":"throttle","event_type":"press","value":6.667}
{"time":"2025-02-23 18:44:43","control_type":"throttle","event_type":"release","value":6.667}
{"time":"2025-02-23 18:44:44","control_type":"throttle","event_type":"press","value":6.667}
{"time":"2025-02-23 18:44:45","control_type":"throttle","event_type":"release","value":6.667}
{"time":"2025-02-23 18:44:46","control_type":"steering","event_type":"press","value":1.5}
{"time":"2025-02-23 18:44:52","control_type":"steering","event_type":"release","value":1.0}
{"time":"2025-02-23 18:44:54","control_type":"steering","event_type":"press","value":-1.5}
{"time":"2025-02-23 18:44:56","control_type":"steering","event_type":"release","value":-2.0}
{"time":"2025-02-23 18:44:57","control_type":"steering","event_type":"press","value":-1.5}
{"time":"2025-02-23 18:44:58","control_type":"steering","event_type":"release","value":-2.0}
{"time":"2025-02-23 18:44:58","control_type":"steering","event_type":"press","value":-1.5}
{"time":"2025-02-23 18:44:58","control_type":"steering","event_type":"release","value":-2.0}
{"time":"2025-02-23 18:44:59","control_type":"brake","event_type":"press","value":16.667}
{"time":"2025-02-23 18:44:59","control_type":"steering","event_type":"press","value":-1.5}
{"time":"2025-02-23 18:45:00","control_type":"steering","event_type":"release","value":-2.0}
{"time":"2025-02-23 18:45:01","control_type":"steering","event_type":"press","value":-1.5}
{"time":"2025-02-23 18:45:01","control_type":"brake","event_type":"release","value":16.667}
{"time":"2025-02-23 18:45:02","control_type":"throttle","event_type":"press","value":6.667}
{"time":"2025-02-23 18:45:03","control_type":"throttle","event_type":"release","value":6.667}
{"time":"2025-02-23 18:45:04","control_type":"steering","event_type":"release","value":-1.5}
{"time":"2025-02-23 18:45:05","control_type":"steering","event_type":"press","value":-1.5}
{"time":"2025-02-23 18:45:05","control_type":"throttle","event_type":"press","value":6.667}
{"time":"2025-02-23 18:45:06","control_type":"steering","event_type":"release","value":-1.5}
{"time":"2025-02-23 18:45:06","control_type":"steering","event_type":"press","value":-1.5}
{"time":"2025-02-23 18:45:06","control_type":"steering","event_type":"release","value":-1.5}
{"time":"2025-02-23 18:45:07","control_type":"steering","event_type":"press","value":1.5}
{"time":"2025-02-23 18:45:07","control_type":"steering","event_type":"release","value":2.0}
{"time":"2025-02-23 18:45:08","control_type":"throttle","event_type":"release","value":6.667}
{"time":"2025-02-23 18:45:08","control_type":"brake","event_type":"press","value":16.667}
{"time":"2025-02-23 18:45:10","control_type":"brake","event_type":"release","value":16.667}
{"time":"2025-02-23 18:46:16","control_type":"throttle","event_type":"press","value":6.667}
{"time":"2025-02-23 18:46:20","control_type":"throttle","event_type":"release","value":6.667}
{"time":"2025-02-23 18:46:20","control_type":"steering","event_type":"press","value":-1.5}
{"time":"2025-02-23 18:46:22","control_type":"brake","event_type":"press","value":16.667}
{"time":"2025-02-23 18:46:23","control_type":"steering","event_type":"release","value":-1.5}
{"time":"2025-02-23 18:46:24","control_type":"brake","event_type":"release","value":16.667}
{"time":"2025-02-23 18:46:28","control_type":"throttle","event_type":"press","value":6.667}
{"time":"2025-02-23 18:46:29","control_type":"throttle","event_type":"release","value":6.667}
{"time":"2025-02-23 18:46:30","control_type":"throttle","event_type":"press","value":6.667}
{"time":"2025-02-23 18:46:30","control_type":"throttle","event_type":"release","value":6.667}
{"time":"2025-02-23 18:46:31","control_type":"steering","event_type":"press","value":1.5}
{"time":"2025-02-23 18:46:31","control_type":"steering","event_type":"release","value":1.5}
{"time":"2025-02-23 18:46:32","control_type":"steering","event_type":"press","value":1.5}
{"time":"2025-02-23 18:46:32","control_type":"brake","event_type":"press","value":16.667}
{"time":"2025-02-23 18:46:32","control_type":"steering","event_type":"release","value":1.5}
{"time":"2025-02-23 18:46:33","control_type":"brake","event_type":"release","value":16.667}
{"time":"2025-02-23 18:46:35","control_type":"steering","event_type":"press","value":1.5}
{"time":"2025-02-23 18:46:36","control_type":"steering","event_type":"release","value":1.5}
{"time":"2025-02-23 18:46:43","control_type":"throttle","event_type":"press","value":6.667}
{"time":"2025-02-23 18:46:44","control_type":"throttle","event_type":"release","value":6.667}
{"time":"2025-02-23 18:46:44","control_type":"steering","event_type":"press","value":1.5}
{"time":"2025-02-23 18:46:45","control_type":"steering","event_type":"release","value":1.5}
{"time":"2025-02-23 18:46:45","control_type":"throttle","event_type":"press","value":6.667}
{"time":"2025-02-23 18:46:46","control_type":"steering","event_type":"press","value":1.5}
{"time":"2025-02-23 18:46:46","control_type":"steering","event_type":"release","value":1.5}
{"time":"2025-02-23 18:46:47","control_type":"throttle","event_type":"release","value":6.667}
{"time":"2025-02-23 18:46:48","control_type":"brake","event_type":"press","value":16.667}
{"time":"2025-02-23 18:46:51","control_type":"brake","event_type":"release","value":16.667}
{"time":"2025-02-23 18:47:23","control_type":"throttle","event_type":"press","value":6.667}
{"time":"2025-02-23 18:47:23","control_type":"steering","event_type":"press","value":-1.5}
{"time":"2025-02-23 18:47:25","control_type":"steering","event_type":"release","value":-2.0}
{"time":"2025-02-23 18:47:25","control_type":"steering","event_type":"press","value":-1.5}
{"time":"2025-02-23 18:47:25","control_type":"steering","event_type":"release","value":-2.0}
{"time":"2025-02-23 18:47:25","control_type":"throttle","event_type":"release","value":6.667}
{"time":"2025-02-23 18:47:26","control_type":"steering","event_type":"press","value":-1.5}
{"time":"2025-02-23 18:47:26","control_type":"steering","event_type":"release","value":-1.0}
{"time":"2025-02-23 18:47:27","control_type":"throttle","event_type":"press","value":6.667}
{"time":"2025-02-23 18:47:28","control_type":"throttle","event_type":"release","value":6.667}
{"time":"2025-02-23 18:47:29","control_type":"steering","event_type":"press","value":1.5}
{"time":"2025-02-23 18:47:29","control_type":"steering","event_type":"release","value":2.0}
{"time":"2025-02-23 18:47:30","control_type":"steering","event_type":"press","value":-1.5}
{"time":"2025-02-23 18:47:30","control_type":"steering","event_type":"release","value":-2.0}
{"time":"2025-02-23 18:47:31","control_type":"steering","event_type":"press","value":-1.5}
{"time":"2025-02-23 18:47:31","control_type":"steering","event_type":"release","value":-2.0}
{"time":"2025-02-23 18:47:31","control_type":"steering","event_type":"press","value":-1.5}
{"time":"2025-02-23 18:47:33","control_type":"steering","event_type":"release","value":-2.0}
{"time":"2025-02-23 18:47:33","control_type":"steering","event_type":"press","value":1.5}
{"time":"2025-02-23 18:47:34","control_type":"steering","event_type":"release","value":1.0}
{"time":"2025-02-23 18:47:35","control_type":"steering","event_type":"press","value":1.5}
{"time":"2025-02-23 18:47:35","control_type":"steering","event_type":"release","value":1.0}
{"time":"2025-02-23 18:47:35","control_type":"steering","event_type":"press","value":1.5}
{"time":"2025-02-23 18:47:35","control_type":"steering","event_type":"release","value":2.0}
{"time":"2025-02-23 18:47:36","control_type":"steering","event_type":"press","value":1.5}
{"time":"2025-02-23 18:47:37","control_type":"steering","event_type":"release","value":2.0}
{"time":"2025-02-23 18:47:37","control_type":"steering","event_type":"press","value":-1.5}
{"time":"2025-02-23 18:47:38","control_type":"steering","event_type":"release","value":-1.5}
{"time":"2025-02-23 18:47:38","control_type":"steering","event_type":"press","value":1.5}
{"time":"2025-02-23 18:47:38","control_type":"steering","event_type":"release","value":2.0}
{"time":"2025-02-23 18:47:40","control_type":"throttle","event_type":"press","value":6.667}
{"time":"2025-02-23 18:47:41","control_type":"throttle","event_type":"release","value":6.667}
{"time":"2025-02-23 18:47:41","control_type":"steering","event_type":"press","value":1.5}
{"time":"2025-02-23 18:47:42","control_type":"throttle","event_type":"press","value":6.667}
{"time":"2025-02-23 18:47:43","control_type":"throttle","event_type":"release","value":6.667}
{"time":"2025-02-23 18:47:46","control_type":"brake","event_type":"press","value":16.667}
{"time":"2025-02-23 18:47:47","control_type":"throttle","event_type":"press","value":6.667}
{"time":"2025-02-23 18:47:47","control_type":"steering","event_type":"release","value":1.0}
{"time":"2025-02-23 18:47:47","control_type":"steering","event_type":"press","value":-1.5}
{"time":"2025-02-23 18:47:47","control_type":"brake","event_type":"release","value":16.667}
{"time":"2025-02-23 18:47:49","control_type":"throttle","event_type":"release","value":6.667}
{"time":"2025-02-23 18:47:50","control_type":"brake","event_type":"press","value":16.667}
{"time":"2025-02-23 18:47:51","control_type":"brake","event_type":"release","value":16.667}
{"time":"2025-02-23 18:47:52","control_type":"steering","event_type":"release","value":-1.5}
{"time":"2025-02-23 18:47:52","control_type":"throttle","event_type":"press","value":6.667}
{"time":"2025-02-23 18:47:52","control_type":"steering","event_type":"press","value":1.0}
{"time":"2025-02-23 18:47:53","control_type":"throttle","event_type":"release","value":6.667}
{"time":"2025-02-23 18:47:54","control_type":"steering","event_type":"release","value":1.0}
{"time":"2025-02-23 18:47:54","control_type":"throttle","event_type":"press","value":6.667}
{"time":"2025-02-23 18:47:54","control_type":"steering","event_type":"press","value":1.5}
{"time":"2025-02-23 18:47:55","control_type":"throttle","event_type":"release","value":6.667}
{"time":"2025-02-23 18:47:56","control_type":"steering","event_type":"release","value":2.0}
{"time":"2025-02-23 18:47:56","control_type":"steering","event_type":"press","value":-1.5}
{"time":"2025-02-23 18:47:57","control_type":"steering","event_type":"release","value":-1.5}
{"time":"2025-02-23 18:47:57","control_type":"steering","event_type":"press","value":-1.5}
{"time":"2025-02-23 18:47:58","control_type":"brake","event_type":"press","value":16.667}
{"time":"2025-02-23 18:47:59","control_type":"steering","event_type":"release","value":-1.5}
{"time":"2025-02-23 18:47:59","control_type":"steering","event_type":"press","value":1.0}
{"time":"2025-02-23 18:48:00","control_type":"brake","event_type":"release","value":16.667}
{"time":"2025-02-23 18:48:00","control_type":"throttle","event_type":"press","value":6.667}
{"time":"2025-02-23 18:48:01","control_type":"throttle","event_type":"release","value":6.667}
{"time":"2025-02-23 18:48:02","control_type":"throttle","event_type":"press","value":6.667}
{"time":"2025-02-23 18:48:03","control_type":"steering","event_type":"release","value":1.5}
{"time":"2025-02-23 18:48:04","control_type":"steering","event_type":"press","value":-1.5}
{"time":"2025-02-23 18:48:04","control_type":"steering","event_type":"release","value":-1.5}
{"time":"2025-02-23 18:48:05","control_type":"brake","event_type":"press","value":16.667}
{"time":"2025-02-23 18:48:05","control_type":"throttle","event_type":"release","value":6.667}
{"time":"2025-02-23 18:48:06","control_type":"throttle","event_type":"press","value":6.667}
{"time":"2025-02-23 18:48:06","control_type":"brake","event_type":"release","value":16.667}
{"time":"2025-02-23 18:48:06","control_type":"steering","event_type":"press","value":1.5}
{"time":"2025-02-23 18:48:06","control_type":"throttle","event_type":"release","value":6.667}
{"time":"2025-02-23 18:48:06","control_type":"steering","event_type":"release","value":1.5}
{"time":"2025-02-23 18:48:06","control_type":"throttle","event_type":"press","value":6.667}
{"time":"2025-02-23 18:48:07","control_type":"steering","event_type":"press","value":1.5}
{"time":"2025-02-23 18:48:07","control_type":"steering","event_type":"release","value":2.0}
{"time":"2025-02-23 18:48:07","control_type":"steering","event_type":"press","value":1.5}
{"time":"2025-02-23 18:48:07","control_type":"throttle","event_type":"release","value":6.667}
{"time":"2025-02-23 18:48:08","control_type":"steering","event_type":"release","value":2.0}
{"time":"2025-02-23 18:48:08","control_type":"throttle","event_type":"press","value":6.667}
{"time":"2025-02-23 18:48:09","control_type":"steering","event_type":"press","value":-1.5}
{"time":"2025-02-23 18:48:09","control_type":"steering","event_type":"release","value":-2.0}
{"time":"2025-02-23 18:48:09","control_type":"steering","event_type":"press","value":1.5}
{"time":"2025-02-23 18:48:09","control_type":"steering","event_type":"release","value":2.0}
{"time":"2025-02-23 18:48:09","control_type":"steering","event_type":"press","value":1.5}
{"time":"2025-02-23 18:48:10","control_type":"throttle","event_type":"release","value":6.667}
{"time":"2025-02-23 18:48:11","control_type":"steering","event_type":"release","value":2.0}
{"time":"2025-02-23 18:48:11","control_type":"throttle","event_type":"press","value":6.667}
{"time":"2025-02-23 18:48:11","control_type":"steering","event_type":"press","value":-1.5}
{"time":"2025-02-23 18:48:11","control_type":"throttle","event_type":"release","value":6.667}
{"time":"2025-02-23 18:48:11","control_type":"throttle","event_type":"press","value":6.667}
{"time":"2025-02-23 18:48:12","control_type":"steering","event_type":"release","value":-2.0}
{"time":"2025-02-23 18:48:12","control_type":"throttle","event_type":"release","value":6.667}
{"time":"2025-02-23 18:48:12","control_type":"throttle","event_type":"press","value":6.667}
{"time":"2025-02-23 18:48:12","control_type":"steering","event_type":"press","value":-1.5}
{"time":"2025-02-23 18:48:13","control_type":"steering","event_type":"release","value":-1.5}
{"time":"2025-02-23 18:48:13","control_type":"throttle","event_type":"release","value":6.667}
{"time":"2025-02-23 18:48:14","control_type":"steering","event_type":"press","value":1.5}
{"time":"2025-02-23 18:48:14","control_type":"steering","event_type":"release","value":2.0}
{"time":"2025-02-23 18:48:14","control_type":"throttle","event_type":"press","value":6.667}
{"time":"2025-02-23 18:48:14","control_type":"throttle","event_type":"release","value":6.667}
{"time":"2025-02-23 18:48:14","control_type":"steering","event_type":"press","value":1.5}
{"time":"2025-02-23 18:48:14","control_type":"throttle","event_type":"press","value":6.667}
{"time":"2025-02-23 18:48:15","control_type":"steering","event_type":"release","value":1.5}
{"time":"2025-02-23 18:48:15","control_type":"steering","event_type":"press","value":-1.5}
{"time":"2025-02-23 18:48:15","control_type":"steering","event_type":"release","value":-1.5}
{"time":"2025-02-23 18:48:16","control_type":"throttle","event_type":"release","value":6.667}
{"time":"2025-02-23 18:48:16","control_type":"brake","event_type":"press","value":16.667}
{"time":"2025-02-23 18:48:16","control_type":"steering","event_type":"press","value":1.5}
{"time":"2025-02-23 18:48:17","control_type":"brake","event_type":"release","value":16.667}
{"time":"2025-02-23 18:48:17","control_type":"throttle","event_type":"press","value":6.667}
{"time":"2025-02-23 18:48:18","control_type":"throttle","event_type":"release","value":6.667}
{"time":"2025-02-23 18:48:21","control_type":"throttle","event_type":"press","value":6.667}
{"time":"2025-02-23 18:48:22","control_type":"throttle","event_type":"release","value":6.667}
{"time":"2025-02-23 18:48:24","control_type":"steering","event_type":"release","value":1.5}
{"time":"2025-02-23 18:48:45","control_type":"brake","event_type":"press","value":16.667}
{"time":"2025-02-23 18:48:47","control_type":"brake","event_type":"release","value":16.667}
{"time":"2025-02-23 18:52:30","control_type":"steering","event_type":"press","value":-1.5}
{"time":"2025-02-23 18:52:33","control_type":"steering","event_type":"release","value":-2.0}
{"time":"2025-02-23 18:52:33","control_type":"steering","event_type":"press","value":-1.5}
{"time":"2025-02-23 18:52:33","control_type":"throttle","event_type":"press","value":6.667}
{"time":"2025-02-23 18:52:34","control_type":"throttle","event_type":"release","value":6.667}
{"time":"2025-02-23 18:52:35","control_type":"steering","event_type":"release","value":-2.0}
{"time":"2025-02-23 18:52:37","control_type":"steering","event_type":"press","value":-1.5}
{"time":"2025-02-23 18:52:37","control_type":"throttle","event_type":"press","value":6.667}
{"time":"2025-02-23 18:52:39","control_type":"throttle","event_type":"release","value":6.667}
{"time":"2025-02-23 18:52:39","control_type":"brake","event_type":"press","value":16.667}
{"time":"2025-02-23 18:52:40","control_type":"steering","event_type":"release","value":-1.0}
{"time":"2025-02-23 18:52:40","control_type":"steering","event_type":"press","value":1.5}
{"time":"2025-02-23 18:52:41","control_type":"steering","event_type":"release","value":1.5}
{"time":"2025-02-23 18:52:41","control_type":"steering","event_type":"press","value":1.5}
{"time":"2025-02-23 18:52:41","control_type":"brake","event_type":"release","value":16.667}
{"time":"2025-02-23 18:52:45","control_type":"throttle","event_type":"press","value":6.667}
{"time":"2025-02-23 18:52:46","control_type":"throttle","event_type":"release","value":6.667}
{"time":"2025-02-23 18:52:47","control_type":"throttle","event_type":"press","value":6.667}
{"time":"2025-02-23 18:52:48","control_type":"throttle","event_type":"release","value":6.667}
{"time":"2025-02-23 18:52:48","control_type":"brake","event_type":"press","value":16.667}
{"time":"2025-02-23 18:52:49","control_type":"brake","event_type":"release","value":16.667}
{"time":"2025-02-23 18:52:50","control_type":"steering","event_type":"release","value":1.0}
{"time":"2025-02-23 18:52:50","control_type":"throttle","event_type":"press","value":6.667}
{"time":"2025-02-23 18:52:51","control_type":"throttle","event_type":"release","value":6.667}
{"time":"2025-02-23 18:52:52","control_type":"steering","event_type":"press","value":1.5}
{"time":"2025-02-23 18:52:52","control_type":"throttle","event_type":"press","value":6.667}
{"time":"2025-02-23 18:52:53","control_type":"steering","event_type":"release","value":2.0}
{"time":"2025-02-23 18:52:53","control_type":"throttle","event_type":"release","value":6.667}
{"time":"2025-02-23 18:52:54","control_type":"brake","event_type":"press","value":16.667}
{"time":"2025-02-23 18:52:54","control_type":"steering","event_type":"press","value":-1.5}
{"time":"2025-02-23 18:52:55","control_type":"brake","event_type":"release","value":16.667}
{"time":"2025-02-23 18:52:55","control_type":"steering","event_type":"release","value":-1.0}
{"time":"2025-02-23 18:52:55","control_type":"brake","event_type":"press","value":16.667}
{"time":"2025-02-23 18:52:56","control_type":"brake","event_type":"release","value":16.667}
{"time":"2025-02-23 18:53:21","control_type":"steering","event_type":"press","value":-1.5}
{"time":"2025-02-23 18:53:22","control_type":"throttle","event_type":"press","value":6.667}
{"time":"2025-02-23 18:53:22","control_type":"throttle","event_type":"release","value":6.667}
{"time":"2025-02-23 18:53:23","control_type":"steering","event_type":"release","value":-2.0}
{"time":"2025-02-23 18:53:23","control_type":"steering","event_type":"press","value":-1.5}
{"time":"2025-02-23 18:53:23","control_type":"steering","event_type":"release","value":-1.5}
{"time":"2025-02-23 18:53:23","control_type":"steering","event_type":"press","value":-1.5}
{"time":"2025-02-23 18:53:24","control_type":"steering","event_type":"release","value":-1.5}
{"time":"2025-02-23 18:53:31","control_type":"steering","event_type":"press","value":-1.5}
{"time":"2025-02-23 18:53:31","control_type":"throttle","event_type":"press","value":6.667}
{"time":"2025-02-23 18:53:31","control_type":"throttle","event_type":"release","value":6.667}
{"time":"2025-02-23 18:53:33","control_type":"throttle","event_type":"press","value":6.667}
{"time":"2025-02-23 18:53:34","control_type":"throttle","event_type":"release","value":6.667}
{"time":"2025-02-23 18:53:34","control_type":"steering","event_type":"release","value":-2.0}
{"time":"2025-02-23 18:53:35","control_type":"throttle","event_type":"press","value":6.667}
{"time":"2025-02-23 18:53:35","control_type":"throttle","event_type":"release","value":6.667}
{"time":"2025-02-23 18:53:36","control_type":"steering","event_type":"press","value":1.5}
{"time":"2025-02-23 18:53:36","control_type":"brake","event_type":"press","value":16.667}
{"time":"2025-02-23 18:53:37","control_type":"throttle","event_type":"press","value":6.667}
{"time":"2025-02-23 18:53:37","control_type":"steering","event_type":"release","value":2.0}
{"time":"2025-02-23 18:53:37","control_type":"brake","event_type":"release","value":16.667}
{"time":"2025-02-23 18:53:37","control_type":"steering","event_type":"press","value":1.5}
{"time":"2025-02-23 18:53:37","control_type":"throttle","event_type":"release","value":6.667}
{"time":"2025-02-23 18:53:38","control_type":"throttle","event_type":"press","value":6.667}
{"time":"2025-02-23 18:53:38","control_type":"throttle","event_type":"release","value":6.667}
{"time":"2025-02-23 18:53:39","control_type":"throttle","event_type":"press","value":6.667}
{"time":"2025-02-23 18:53:39","control_type":"throttle","event_type":"release","value":6.667}
{"time":"2025-02-23 18:53:39","control_type":"steering","event_type":"release","value":1.5}
{"time":"2025-02-23 18:53:39","control_type":"steering","event_type":"press","value":1.5}
{"time":"2025-02-23 18:53:40","control_type":"brake","event_type":"press","value":16.667}
{"time":"2025-02-23 18:53:40","control_type":"steering","event_type":"release","value":2.0}
{"time":"2025-02-23 18:53:41","control_type":"throttle","event_type":"press","value":6.667}
{"time":"2025-02-23 18:53:41","control_type":"steering","event_type":"press","value":1.5}
{"time":"2025-02-23 18:53:41","control_type":"brake","event_type":"release","value":16.667}
{"time":"2025-02-23 18:53:42","control_type":"throttle","event_type":"release","value":6.667}
{"time":"2025-02-23 18:53:49","control_type":"throttle","event_type":"press","value":6.667}
{"time":"2025-02-23 18:53:49","control_type":"steering","event_type":"release","value":1.5}
{"time":"2025-02-23 18:53:49","control_type":"throttle","event_type":"release","value":6.667}
{"time":"2025-02-23 18:53:49","control_type":"steering","event_type":"press","value":1.5}
{"time":"2025-02-23 18:53:53","control_type":"steering","event_type":"release","value":1.5}
{"time":"2025-02-23 18:53:53","control_type":"steering","event_type":"press","value":-1.0}
{"time":"2025-02-23 18:53:53","control_type":"steering","event_type":"release","value":-1.0}
{"time":"2025-02-23 18:53:53","control_type":"brake","event_type":"press","value":16.667}
{"time":"2025-02-23 18:53:53","control_type":"steering","event_type":"press","value":-1.5}
{"time":"2025-02-23 18:53:54","control_type":"steering","event_type":"release","value":-1.0}
{"time":"2025-02-23 18:53:54","control_type":"brake","event_type":"release","value":16.667}
{"time":"2025-02-23 18:53:56","control_type":"throttle","event_type":"press","value":6.667}
{"time":"2025-02-23 18:53:56","control_type":"throttle","event_type":"release","value":6.667}
{"time":"2025-02-23 18:54:00","control_type":"brake","event_type":"press","value":16.667}
{"time":"2025-02-23 18:54:01","control_type":"brake","event_type":"release","value":16.667}
{"time":"2025-02-23 18:54:10","control_type":"throttle","event_type":"press","value":6.667}
{"time":"2025-02-23 18:54:10","control_type":"steering","event_type":"press","value":-1.5}
{"time":"2025-02-23 18:54:10","control_type":"steering","event_type":"release","value":-1.0}
{"time":"2025-02-23 18:54:10","control_type":"throttle","event_type":"release","value":6.667}
{"time":"2025-02-23 18:54:10","control_type":"steering","event_type":"press","value":-1.5}
{"time":"2025-02-23 18:54:14","control_type":"steering","event_type":"release","value":-2.0}
{"time":"2025-02-23 18:54:14","control_type":"steering","event_type":"press","value":-1.5}
{"time":"2025-02-23 18:54:16","control_type":"throttle","event_type":"press","value":6.667}
{"time":"2025-02-23 18:54:17","control_type":"throttle","event_type":"release","value":6.667}
{"time":"2025-02-23 18:54:17","control_type":"steering","event_type":"release","value":-1.5}
{"time":"2025-02-23 18:54:17","control_type":"steering","event_type":"press","value":1.0}
{"time":"2025-02-23 18:54:18","control_type":"throttle","event_type":"press","value":6.667}
{"time":"2025-02-23 18:54:18","control_type":"steering","event_type":"release","value":1.5}
{"time":"2025-02-23 18:54:18","control_type":"steering","event_type":"press","value":-1.0}
{"time":"2025-02-23 18:54:18","control_type":"steering","event_type":"release","value":-1.0}
{"time":"2025-02-23 18:54:19","control_type":"throttle","event_type":"release","value":6.667}
{"time":"2025-02-23 18:54:19","control_type":"steering","event_type":"press","value":1.5}
{"time":"2025-02-23 18:54:19","control_type":"steering","event_type":"release","value":1.5}
{"time":"2025-02-23 18:54:20","control_type":"throttle","event_type":"press","value":6.667}
{"time":"2025-02-23 18:54:22","control_type":"throttle","event_type":"release","value":6.667}
{"time":"2025-02-23 18:54:22","control_type":"brake","event_type":"press","value":16.667}
{"time":"2025-02-23 18:54:23","control_type":"steering","event_type":"press","value":-1.5}
{"time":"2025-02-23 18:54:23","control_type":"steering","event_type":"release","value":-1.5}
{"time":"2025-02-23 18:54:24","control_type":"brake","event_type":"release","value":16.667}
{"time":"2025-02-23 18:55:49","control_type":"throttle","event_type":"press","value":6.667}
{"time":"2025-02-23 18:55:49","control_type":"steering","event_type":"press","value":1.5}
{"time":"2025-02-23 18:55:49","control_type":"steering","event_type":"release","value":2.0}
{"time":"2025-02-23 18:55:50","control_type":"steering","event_type":"press","value":1.5}
{"time":"2025-02-23 18:55:50","control_type":"steering","event_type":"release","value":1.5}
{"time":"2025-02-23 18:55:52","control_type":"brake","event_type":"press","value":16.667}
{"time":"2025-02-23 18:55:53","control_type":"throttle","event_type":"release","value":6.667}
{"time":"2025-02-23 18:55:53","control_type":"throttle","event_type":"press","value":6.667}
{"time":"2025-02-23 18:55:54","control_type":"brake","event_type":"release","value":16.667}
{"time":"2025-02-23 18:55:54","control_type":"throttle","event_type":"release","value":6.667}
{"time":"2025-02-23 18:55:54","control_type":"brake","event_type":"press","value":16.667}
{"time":"2025-02-23 18:55:55","control_type":"brake","event_type":"release","value":16.667}
{"time":"2025-02-23 18:56:12","control_type":"throttle","event_type":"press","value":6.667}
{"time":"2025-02-23 18:56:13","control_type":"steering","event_type":"press","value":1.5}
{"time":"2025-02-23 18:56:13","control_type":"steering","event_type":"release","value":2.0}
{"time":"2025-02-23 18:56:14","control_type":"throttle","event_type":"release","value":6.667}
{"time":"2025-02-23 18:56:14","control_type":"steering","event_type":"press","value":1.5}
{"time":"2025-02-23 18:56:14","control_type":"steering","event_type":"release","value":1.0}
{"time":"2025-02-23 18:56:15","control_type":"steering","event_type":"press","value":-1.5}
{"time":"2025-02-23 18:56:15","control_type":"steering","event_type":"release","value":-1.5}
{"time":"2025-02-23 18:56:16","control_type":"steering","event_type":"press","value":1.5}
{"time":"2025-02-23 18:56:16","control_type":"steering","event_type":"release","value":1.0}
{"time":"2025-02-23 18:56:16","control_type":"steering","event_type":"press","value":-1.5}
{"time":"2025-02-23 18:56:17","control_type":"steering","event_type":"release","value":-2.0}
{"time":"2025-02-23 18:56:17","control_type":"steering","event_type":"press","value":1.5}
{"time":"2025-02-23 18:56:18","control_type":"steering","event_type":"release","value":1.0}
{"time":"2025-02-23 18:56:18","control_type":"steering","event_type":"press","value":1.0}
{"time":"2025-02-23 18:56:19","control_type":"steering","event_type":"release","value":2.0}
{"time":"2025-02-23 18:56:19","control_type":"steering","event_type":"press","value":1.5}
{"time":"2025-02-23 18:56:20","control_type":"brake","event_type":"press","value":16.667}
{"time":"2025-02-23 18:56:20","control_type":"steering","event_type":"release","value":1.5}
{"time":"2025-02-23 18:56:21","control_type":"steering","event_type":"press","value":-1.5}
{"time":"2025-02-23 18:56:21","control_type":"steering","event_type":"release","value":-1.5}
{"time":"2025-02-23 18:56:21","control_type":"brake","event_type":"release","value":16.667}
{"time":"2025-02-23 20:50:14","control_type":"brake","event_type":"press","value":16.667}
{"time":"2025-02-23 20:50:14","control_type":"throttle","event_type":"press","value":6.667}
{"time":"2025-02-23 20:50:14","control_type":"steering","event_type":"press","value":1.5}
{"time":"2025-02-23 20:50:15","control_type":"brake","event_type":"release","value":16.667}
{"time":"2025-02-23 20:50:15","control_type":"throttle","event_type":"release","value":6.667}
{"time":"2025-02-23 20:50:21","control_type":"brake","event_type":"press","value":16.667}
{"time":"2025-02-23 20:50:22","control_type":"throttle","event_type":"press","value":6.667}
{"time":"2025-02-23 20:50:22","control_type":"brake","event_type":"release","value":16.667}
{"time":"2025-02-23 20:50:24","control_type":"throttle","event_type":"release","value":6.667}
{"time":"2025-02-23 20:50:24","control_type":"steering","event_type":"release","value":1.0}
{"time":"2025-02-23 20:50:24","control_type":"throttle","event_type":"press","value":6.667}
{"time":"2025-02-23 20:50:25","control_type":"steering","event_type":"press","value":-1.5}
{"time":"2025-02-23 20:50:25","control_type":"steering","event_type":"release","value":-1.0}
{"time":"2025-02-23 20:50:25","control_type":"steering","event_type":"press","value":-1.5}
{"time":"2025-02-23 20:50:26","control_type":"throttle","event_type":"release","value":6.667}
{"time":"2025-02-23 20:50:27","control_type":"brake","event_type":"press","value":16.667}
{"time":"2025-02-23 20:50:28","control_type":"steering","event_type":"release","value":-1.5}
{"time":"2025-02-23 20:50:28","control_type":"steering","event_type":"press","value":1.0}
{"time":"2025-02-23 20:50:28","control_type":"brake","event_type":"release","value":16.667}
{"time":"2025-02-23 20:50:29","control_type":"brake","event_type":"press","value":16.667}
{"time":"2025-02-23 20:50:30","control_type":"throttle","event_type":"press","value":6.667}
{"time":"2025-02-23 20:50:30","control_type":"brake","event_type":"release","value":16.667}
{"time":"2025-02-23 20:50:31","control_type":"throttle","event_type":"release","value":6.667}
{"time":"2025-02-23 20:50:32","control_type":"throttle","event_type":"press","value":6.667}
{"time":"2025-02-23 20:50:32","control_type":"throttle","event_type":"release","value":6.667}
{"time":"2025-02-23 20:50:33","control_type":"throttle","event_type":"press","value":6.667}
{"time":"2025-02-23 20:50:33","control_type":"throttle","event_type":"release","value":6.667}
{"time":"2025-02-23 20:50:34","control_type":"steering","event_type":"release","value":1.0}
{"time":"2025-02-23 20:50:35","control_type":"steering","event_type":"press","value":-1.5}
{"time":"2025-02-23 20:50:36","control_type":"brake","event_type":"press","value":16.667}
{"time":"2025-02-23 20:50:36","control_type":"steering","event_type":"release","value":-1.5}
{"time":"2025-02-23 20:50:37","control_type":"steering","event_type":"press","value":-1.5}
{"time":"2025-02-23 20:50:37","control_type":"throttle","event_type":"press","value":6.667}
{"time":"2025-02-23 20:50:37","control_type":"brake","event_type":"release","value":16.667}
{"time":"2025-02-23 20:50:38","control_type":"throttle","event_type":"release","value":6.667}
{"time":"2025-02-23 20:50:38","control_type":"throttle","event_type":"press","value":6.667}
{"time":"2025-02-23 20:50:39","control_type":"throttle","event_type":"release","value":6.667}
{"time":"2025-02-23 20:50:40","control_type":"steering","event_type":"release","value":-1.5}
{"time":"2025-02-23 20:50:40","control_type":"steering","event_type":"press","value":1.0}
{"time":"2025-02-23 20:50:40","control_type":"throttle","event_type":"press","value":6.667}
{"time":"2025-02-23 20:50:41","control_type":"throttle","event_type":"release","value":6.667}
{"time":"2025-02-23 20:50:41","control_type":"steering","event_type":"release","value":1.5}
{"time":"2025-02-23 20:50:41","control_type":"steering","event_type":"press","value":-1.5}
{"time":"2025-02-23 20:50:41","control_type":"steering","event_type":"release","value":-1.5}
{"time":"2025-02-23 20:50:41","control_type":"steering","event_type":"press","value":1.5}
{"time":"2025-02-23 20:50:41","control_type":"steering","event_type":"release","value":1.5}
{"time":"2025-02-23 20:50:41","control_type":"throttle","event_type":"press","value":6.667}
{"time":"2025-02-23 20:50:42","control_type":"steering","event_type":"press","value":1.5}
{"time":"2025-02-23 20:50:42","control_type":"throttle","event_type":"release","value":6.667}
{"time":"2025-02-23 20:50:42","control_type":"steering","event_type":"release","value":1.0}
{"time":"2025-02-23 20:50:42","control_type":"steering","event_type":"press","value":1.5}
{"time":"2025-02-23 20:50:43","control_type":"steering","event_type":"release","value":1.5}
{"time":"2025-02-23 20:50:43","control_type":"steering","event_type":"press","value":1.5}
{"time":"2025-02-23 20:50:45","control_type":"steering","event_type":"release","value":1.5}
{"time":"2025-02-23 20:50:45","control_type":"steering","event_type":"press","value":-1.0}
{"time":"2025-02-23 20:50:45","control_type":"steering","event_type":"release","value":-1.5}
{"time":"2025-02-23 20:50:46","control_type":"steering","event_type":"press","value":1.5}
{"time":"2025-02-23 20:50:46","control_type":"throttle","event_type":"press","value":6.667}
{"time":"2025-02-23 20:50:46","control_type":"steering","event_type":"release","value":1.5}
{"time":"2025-02-23 20:50:46","control_type":"throttle","event_type":"release","value":6.667}
{"time":"2025-02-23 20:50:55","control_type":"steering","event_type":"press","value":1.5}
{"time":"2025-02-23 20:50:55","control_type":"brake","event_type":"press","value":16.667}
{"time":"2025-02-23 20:50:55","control_type":"throttle","event_type":"press","value":6.667}
{"time":"2025-02-23 20:50:55","control_type":"steering","event_type":"release","value":1.5}
{"time":"2025-02-23 20:50:55","control_type":"steering","event_type":"press","value":1.5}
{"time":"2025-02-23 20:50:56","control_type":"brake","event_type":"release","value":16.667}
{"time":"2025-02-23 20:50:57","control_type":"steering","event_type":"release","value":1.5}
{"time":"2025-02-23 20:50:57","control_type":"throttle","event_type":"release","value":6.667}
{"time":"2025-02-23 20:50:57","control_type":"steering","event_type":"press","value":1.5}
{"time":"2025-02-23 20:50:58","control_type":"steering","event_type":"release","value":2.0}
{"time":"2025-02-23 20:50:59","control_type":"steering","event_type":"press","value":1.5}
{"time":"2025-02-23 20:50:59","control_type":"brake","event_type":"press","value":16.667}
{"time":"2025-02-23 20:51:00","control_type":"steering","event_type":"release","value":1.5}
{"time":"2025-02-23 20:51:02","control_type":"brake","event_type":"release","value":16.667}
{"time":"2025-02-24 00:26:26","control_type":"throttle","event_type":"press","value":93.333}
{"time":"2025-02-24 00:26:26","control_type":"steering","event_type":"press","value":99.0}
{"time":"2025-02-24 00:26:27","control_type":"throttle","event_type":"release","value":6.667}
{"time":"2025-02-24 00:26:28","control_type":"steering","event_type":"release","value":1.0}
{"time":"2025-02-24 00:32:01","control_type":"throttle","event_type":"press","value":93.333}
{"time":"2025-02-24 00:32:01","control_type":"steering","event_type":"press","value":99.0}
{"time":"2025-02-24 00:35:16","control_type":"throttle","event_type":"release","value":6.667}
{"time":"2025-02-24 00:35:17","control_type":"steering","event_type":"release","value":1.0}
{"time":"2025-02-24 00:35:56","control_type":"steering","event_type":"press","value":-4.099}
{"time":"2025-02-24 01:15:07","control_type":"steering","event_type":"release","value":-1.099}
{"time":"2025-03-03 17:25:14","control_type":"throttle","event_type":"press","value":6.667}
{"time":"2025-03-03 17:25:19","control_type":"throttle","event_type":"release","value":6.667}
{"time":"2025-03-03 17:25:19","control_type":"steering","event_type":"press","value":-1.5}
{"time":"2025-03-03 17:25:21","control_type":"brake","event_type":"press","value":16.667}
{"time":"2025-03-03 17:25:21","control_type":"steering","event_type":"release","value":-2.0}
{"time":"2025-03-03 17:25:23","control_type":"brake","event_type":"release","value":16.667}
{"time":"2025-03-03 17:26:06","control_type":"throttle","event_type":"press","value":6.667}
{"time":"2025-03-03 17:26:09","control_type":"throttle","event_type":"release","value":6.667}
{"time":"2025-03-03 17:26:10","control_type":"steering","event_type":"press","value":-1.5}
{"time":"2025-03-03 17:26:11","control_type":"steering","event_type":"release","value":-1.0}
{"time":"2025-03-03 17:26:11","control_type":"steering","event_type":"press","value":1.5}
{"time":"2025-03-03 17:26:11","control_type":"steering","event_type":"release","value":1.0}
{"time":"2025-03-03 17:26:13","control_type":"steering","event_type":"press","value":1.5}
{"time":"2025-03-03 17:26:13","control_type":"steering","event_type":"release","value":1.5}
{"time":"2025-03-03 17:26:14","control_type":"steering","event_type":"press","value":1.5}
{"time":"2025-03-03 17:26:14","control_type":"steering","event_type":"release","value":1.5}
{"time":"2025-03-03 17:26:14","control_type":"throttle","event_type":"press","value":6.667}
{"time":"2025-03-03 17:26:15","control_type":"throttle","event_type":"release","value":6.667}
{"time":"2025-03-03 17:26:15","control_type":"brake","event_type":"press","value":16.667}
{"time":"2025-03-03 17:26:16","control_type":"throttle","event_type":"press","value":6.667}
{"time":"2025-03-03 17:26:16","control_type":"brake","event_type":"release","value":16.667}
{"time":"2025-03-03 17:26:17","control_type":"throttle","event_type":"release","value":6.667}
{"time":"2025-03-03 17:26:24","control_type":"brake","event_type":"press","value":16.667}
{"time":"2025-03-03 17:26:26","control_type":"brake","event_type":"release","value":16.667}
{"time":"2025-03-12 12:41:32","control_type":"throttle","event_type":"press","value":6.667}
{"time":"2025-03-12 12:41:33","control_type":"throttle","event_type":"release","value":6.667}
{"time":"2025-03-12 12:43:41","control_type":"throttle","event_type":"press","value":50.0}
{"time":"2025-03-12 12:43:41","control_type":"steering","event_type":"press","value":-20.0}
{"time":"2025-03-12 12:44:11","control_type":"throttle","event_type":"press","value":50.0}
{"time":"2025-03-12 12:44:11","control_type":"steering","event_type":"press","value":-20.0}
{"time":"2025-03-12 13:04:12","control_type":"throttle","event_type":"press","value":43.333}
{"time":"2025-03-12 13:04:12","control_type":"steering","event_type":"press","value":-19.0}
{"time":"2025-03-12 13:04:48","control_type":"brake","event_type":"press","value":16.667}
{"time":"2025-03-12 13:04:52","control_type":"brake","event_type":"release","value":16.667}
{"time":"2025-03-12 13:04:53","control_type":"brake","event_type":"press","value":16.667}
{"time":"2025-03-12 13:04:53","control_type":"brake","event_type":"release","value":16.667}
{"time":"2025-03-12 13:05:06","control_type":"brake","event_type":"press","value":16.667}
{"time":"2025-03-12 13:05:07","control_type":"throttle","event_type":"release","value":3.333}
{"time":"2025-03-12 13:05:08","control_type":"steering","event_type":"release","value":-2.0}
{"time":"2025-03-12 13:05:09","control_type":"brake","event_type":"release","value":16.667}
{"time":"2025-03-12 13:05:11","control_type":"steering","event_type":"press","value":1.5}
{"time":"2025-03-12 13:05:12","control_type":"steering","event_type":"release","value":1.5}
{"time":"2025-03-12 13:14:11","control_type":"throttle","event_type":"press","value":43.333}
{"time":"2025-03-12 13:14:11","control_type":"steering","event_type":"press","value":-19.0}
{"time":"2025-03-12 13:14:41","control_type":"throttle","event_type":"release","value":3.333}
{"time":"2025-03-12 13:14:41","control_type":"steering","event_type":"release","value":-2.0}
{"time":"2025-03-12 13:20:10","control_type":"brake","event_type":"press","value":16.667}
{"time":"2025-03-12 13:20:13","control_type":"brake","event_type":"release","value":16.667}
{"time":"2025-03-12 13:21:33","control_type":"throttle","event_type":"press","value":43.333}
{"time":"2025-03-12 13:21:33","control_type":"steering","event_type":"press","value":-19.0}
{"time":"2025-03-12 13:28:38","control_type":"throttle","event_type":"press","value":50.0}
{"time":"2025-03-12 13:28:38","control_type":"steering","event_type":"press","value":-20.0}
